Compile Report
Microchip Technology Inc. - Microchip Libero Software Release v2023.2 SP1 (Version 2023.2.0.10)
Date: Fri Jan 12 14:53:01 2024

Device Selection
+------------------------+--------------+
| Family                 | PolarFireSoC |
| Device                 | MPFS250T_ES  |
| Package                | FCVG484      |
| Speed Grade            | STD          |
| Core Voltage           | 1.0V         |
| Part Range             | EXT          |
| Default I/O technology | LVCMOS 1.8V  |
+------------------------+--------------+

Source Files
+---------+----------------------------------------------------------------+
| Topcell | ZDragonFly                                                     |
| Format  | Verilog                                                        |
| Source  | F:\MyTemporary\Github\PFSoC\ZDragonFly\synthesis\ZDragonFly.vm |
+---------+----------------------------------------------------------------+

Options
+----------------------------------------------------+----+
| Limit the number of high fanout nets to display to | 10 |
+----------------------------------------------------+----+

Resource Usage
+---------------------------+------+--------+------------+
| Type                      | Used | Total  | Percentage |
+---------------------------+------+--------+------------+
| 4LUT                      | 240  | 254196 | 0.09       |
| DFF                       | 170  | 254196 | 0.07       |
| I/O Register              | 0    | 432    | 0.00       |
| User I/O                  | 6    | 144    | 4.17       |
| -- Single-ended I/O       | 6    | 144    | 4.17       |
| -- Differential I/O Pairs | 0    | 72     | 0.00       |
| uSRAM                     | 0    | 2352   | 0.00       |
| LSRAM                     | 0    | 812    | 0.00       |
| Math                      | 0    | 784    | 0.00       |
| H-Chip Global             | 3    | 48     | 6.25       |
| PLL                       | 1    | 8      | 12.50      |
| DLL                       | 0    | 8      | 0.00       |
| CRN_INT                   | 1    | 24     | 4.17       |
| OSC_RC160MHZ              | 1    | 1      | 100.00     |
| Transceiver Lanes         | 0    | 4      | 0.00       |
| Transceiver PCIe          | 0    | 2      | 0.00       |
| ICB_CLKINT                | 2    | 72     | 2.78       |
| MSS                       | 0    | 1      | 0.00       |
+---------------------------+------+--------+------------+

Detailed Logic Resource Usage
+-----------------------+------+-----+
| Type                  | 4LUT | DFF |
+-----------------------+------+-----+
| Fabric Logic          | 240  | 170 |
| uSRAM Interface Logic | 0    | 0   |
| LSRAM Interface Logic | 0    | 0   |
| Math Interface Logic  | 0    | 0   |
| Total Used            | 240  | 170 |
+-----------------------+------+-----+

Detailed Carry Chains Resource Usage
+--------+------+
| Length | Used |
| 16     | 1    |
| 22     | 1    |
| 32     | 2    |
| Total  | 4    |
+--------+------+

I/O Function
+-------------------------------+--------------+-------------+-----------------+
| Type                          | w/o register | w/ register | w/ DDR register |
+-------------------------------+--------------+-------------+-----------------+
| Input I/O                     | 2            | 0           | 0               |
| Output I/O                    | 4            | 0           | 0               |
| Bidirectional I/O             | 0            | 0           | 0               |
| Differential Input I/O Pairs  | 0            | 0           | 0               |
| Differential Output I/O Pairs | 0            | 0           | 0               |
+-------------------------------+--------------+-------------+-----------------+

Nets assigned to chip global resources
+--------+---------+-------------------------------------------------------+
| Fanout | Type    | Name                                                  |
+--------+---------+-------------------------------------------------------+
| 76     | INT_NET | Net   : PF_OSC_C0_0_RCOSC_160MHZ_GL                   |
|        |         | Driver: PF_OSC_C0_0/PF_OSC_C0_0/I_OSC_160_INT/U0_RGB1 |
|        |         | Source: NETLIST                                       |
| 62     | INT_NET | Net   : PF_CCC_C0_0_OUT0_FABCLK_0                     |
|        |         | Driver: PF_CCC_C0_0/PF_CCC_C0_0/clkint_0/U0_RGB1      |
|        |         | Source: NETLIST                                       |
| 33     | INT_NET | Net   : NN_1                                          |
|        |         | Driver: I_1/U0_RGB1                                   |
|        |         | Source: NETLIST                                       |
+--------+---------+-------------------------------------------------------+

Nets assigned to row global resources
+--------+------+------+
| Fanout | Type | Name |
+--------+------+------+
+--------+------+------+

High fanout nets
+--------+---------+--------------------------------------------------------------------------------------------------------+
| Fanout | Type    | Name                                                                                                   |
+--------+---------+--------------------------------------------------------------------------------------------------------+
| 76     | INT_NET | Net   : PF_CCC_C0_0_PF_CCC_C0_0_PLL_LOCK_0                                                             |
|        |         | Driver: PF_CCC_C0_0/PF_CCC_C0_0/pll_inst_0                                                             |
| 48     | INT_NET | Net   : PF_CCC_C0_0/PF_CCC_C0_0/Pll_Ext_FeedBack_Mode_Soft_Logic_Inst/state_voter_SYN_VL_RNIV7N91_Z[1] |
|        |         | Driver: PF_CCC_C0_0/PF_CCC_C0_0/Pll_Ext_FeedBack_Mode_Soft_Logic_Inst/state_voter_SYN_VL_RNIV7N91[1]   |
| 21     | INT_NET | Net   : ZSwitch_Module_0/ZSwitch_Detector_3/iStep_RNIC0KB1_Z[2]                                        |
|        |         | Driver: ZSwitch_Module_0/ZSwitch_Detector_3/iStep_RNIC0KB1[2]                                          |
| 13     | INT_NET | Net   : ZLED_Indicator_1/CNT110_Z                                                                      |
|        |         | Driver: ZLED_Indicator_1/CNT110                                                                        |
| 13     | INT_NET | Net   : ZLED_Indicator_0/CNT110_Z                                                                      |
|        |         | Driver: ZLED_Indicator_0/CNT110                                                                        |
| 11     | INT_NET | Net   : ZSwitch_Module_0/ZSwitch_Detector_3/iStep_Z[2]                                                 |
|        |         | Driver: ZSwitch_Module_0/ZSwitch_Detector_3/iStep[2]                                                   |
| 11     | INT_NET | Net   : ZSwitch_Module_0/ZSwitch_Detector_3/iStep_Z[0]                                                 |
|        |         | Driver: ZSwitch_Module_0/ZSwitch_Detector_3/iStep[0]                                                   |
| 10     | INT_NET | Net   : ZSwitch_Module_0/ZSwitch_Detector_3/iStep_Z[1]                                                 |
|        |         | Driver: ZSwitch_Module_0/ZSwitch_Detector_3/iStep[1]                                                   |
| 6      | INT_NET | Net   : PF_CCC_C0_0/PF_CCC_C0_0/Pll_Ext_FeedBack_Mode_Soft_Logic_Inst/N_135_li                         |
|        |         | Driver: PF_CCC_C0_0/PF_CCC_C0_0/Pll_Ext_FeedBack_Mode_Soft_Logic_Inst/state_ns_o3[1]                   |
| 6      | INT_NET | Net   : PF_CCC_C0_0/PF_CCC_C0_0/Pll_Ext_FeedBack_Mode_Soft_Logic_Inst/N_179                            |
|        |         | Driver: PF_CCC_C0_0/PF_CCC_C0_0/Pll_Ext_FeedBack_Mode_Soft_Logic_Inst/state_ns_i_a2[0]                 |
+--------+---------+--------------------------------------------------------------------------------------------------------+

High fanout nets (through buffer trees)
+--------+---------+--------------------------------------------------------------------------------------------------------+
| Fanout | Type    | Name                                                                                                   |
+--------+---------+--------------------------------------------------------------------------------------------------------+
| 76     | INT_NET | Net   : PF_CCC_C0_0_PF_CCC_C0_0_PLL_LOCK_0                                                             |
|        |         | Driver: PF_CCC_C0_0/PF_CCC_C0_0/pll_inst_0                                                             |
| 48     | INT_NET | Net   : PF_CCC_C0_0/PF_CCC_C0_0/Pll_Ext_FeedBack_Mode_Soft_Logic_Inst/state_voter_SYN_VL_RNIV7N91_Z[1] |
|        |         | Driver: PF_CCC_C0_0/PF_CCC_C0_0/Pll_Ext_FeedBack_Mode_Soft_Logic_Inst/state_voter_SYN_VL_RNIV7N91[1]   |
| 21     | INT_NET | Net   : ZSwitch_Module_0/ZSwitch_Detector_3/iStep_RNIC0KB1_Z[2]                                        |
|        |         | Driver: ZSwitch_Module_0/ZSwitch_Detector_3/iStep_RNIC0KB1[2]                                          |
| 13     | INT_NET | Net   : ZLED_Indicator_1/CNT110_Z                                                                      |
|        |         | Driver: ZLED_Indicator_1/CNT110                                                                        |
| 13     | INT_NET | Net   : ZLED_Indicator_0/CNT110_Z                                                                      |
|        |         | Driver: ZLED_Indicator_0/CNT110                                                                        |
| 11     | INT_NET | Net   : ZSwitch_Module_0/ZSwitch_Detector_3/iStep_Z[2]                                                 |
|        |         | Driver: ZSwitch_Module_0/ZSwitch_Detector_3/iStep[2]                                                   |
| 11     | INT_NET | Net   : ZSwitch_Module_0/ZSwitch_Detector_3/iStep_Z[0]                                                 |
|        |         | Driver: ZSwitch_Module_0/ZSwitch_Detector_3/iStep[0]                                                   |
| 10     | INT_NET | Net   : ZSwitch_Module_0/ZSwitch_Detector_3/iStep_Z[1]                                                 |
|        |         | Driver: ZSwitch_Module_0/ZSwitch_Detector_3/iStep[1]                                                   |
| 6      | INT_NET | Net   : PF_CCC_C0_0/PF_CCC_C0_0/Pll_Ext_FeedBack_Mode_Soft_Logic_Inst/N_135_li                         |
|        |         | Driver: PF_CCC_C0_0/PF_CCC_C0_0/Pll_Ext_FeedBack_Mode_Soft_Logic_Inst/state_ns_o3[1]                   |
| 6      | INT_NET | Net   : PF_CCC_C0_0/PF_CCC_C0_0/Pll_Ext_FeedBack_Mode_Soft_Logic_Inst/N_179                            |
|        |         | Driver: PF_CCC_C0_0/PF_CCC_C0_0/Pll_Ext_FeedBack_Mode_Soft_Logic_Inst/state_ns_i_a2[0]                 |
+--------+---------+--------------------------------------------------------------------------------------------------------+

